

Started GET "/" for 127.0.0.1 at 2014-04-07 10:02:08 +0800
Processing by Rails::WelcomeController#index as HTML
  Rendered /Users/bridgpal/.rbenv/versions/2.1.1/lib/ruby/gems/2.1.0/gems/railties-4.0.3/lib/rails/templates/rails/welcome/index.html.erb (1.6ms)
Completed 200 OK in 18ms (Views: 9.0ms | ActiveRecord: 0.0ms)


Started GET "/" for 127.0.0.1 at 2014-04-07 10:02:14 +0800
Processing by Rails::WelcomeController#index as HTML
  Rendered /Users/bridgpal/.rbenv/versions/2.1.1/lib/ruby/gems/2.1.0/gems/railties-4.0.3/lib/rails/templates/rails/welcome/index.html.erb (0.0ms)
Completed 200 OK in 2ms (Views: 1.6ms | ActiveRecord: 0.0ms)
  [1m[36m (7.2ms)[0m  [1mCREATE TABLE "schema_migrations" ("version" character varying(255) NOT NULL) [0m
  [1m[35m (2.2ms)[0m  CREATE UNIQUE INDEX "unique_schema_migrations" ON "schema_migrations" ("version")
  [1m[36mActiveRecord::SchemaMigration Load (0.8ms)[0m  [1mSELECT "schema_migrations".* FROM "schema_migrations"[0m
Migrating to CreateUsers (20140407033225)
  [1m[35m (0.2ms)[0m  BEGIN
  [1m[36m (4.6ms)[0m  [1mCREATE TABLE "users" ("id" serial primary key, "email" character varying(255), "salt" character varying(255), "fish" character varying(255), "code" character varying(255), "created_at" timestamp, "updated_at" timestamp) [0m
  [1m[35mSQL (14.5ms)[0m  INSERT INTO "schema_migrations" ("version") VALUES ($1)  [["version", "20140407033225"]]
  [1m[36m (6.3ms)[0m  [1mCOMMIT[0m
  [1m[35mActiveRecord::SchemaMigration Load (0.4ms)[0m  SELECT "schema_migrations".* FROM "schema_migrations"
  [1m[36mActiveRecord::SchemaMigration Load (0.5ms)[0m  [1mSELECT "schema_migrations".* FROM "schema_migrations"[0m
  [1m[35mActiveRecord::SchemaMigration Load (0.3ms)[0m  SELECT "schema_migrations".* FROM "schema_migrations"
  [1m[36m (0.2ms)[0m  [1mBEGIN[0m
  [1m[35mSQL (18.2ms)[0m  INSERT INTO "users" ("created_at", "email", "updated_at") VALUES ($1, $2, $3) RETURNING "id"  [["created_at", Mon, 07 Apr 2014 03:35:25 UTC +00:00], ["email", "test@gmail.com"], ["updated_at", Mon, 07 Apr 2014 03:35:25 UTC +00:00]]
  [1m[36m (6.1ms)[0m  [1mCOMMIT[0m
  [1m[35mUser Load (0.6ms)[0m  SELECT "users".* FROM "users"
  [1m[36m (0.3ms)[0m  [1mBEGIN[0m
  [1m[35mSQL (1.0ms)[0m  UPDATE "users" SET "salt" = $1, "updated_at" = $2 WHERE "users"."id" = 1  [["salt", "123"], ["updated_at", Mon, 07 Apr 2014 03:35:40 UTC +00:00]]
  [1m[36m (6.8ms)[0m  [1mCOMMIT[0m
  [1m[36mUser Load (0.9ms)[0m  [1mSELECT "users".* FROM "users" ORDER BY "users"."id" DESC LIMIT 1[0m
  [1m[35mUser Load (0.6ms)[0m  SELECT "users".* FROM "users" ORDER BY "users"."id" DESC LIMIT 1
  [1m[36mUser Load (1.4ms)[0m  [1mSELECT "users".* FROM "users"[0m
  [1m[35m (0.3ms)[0m  BEGIN
  [1m[36mSQL (3.3ms)[0m  [1mDELETE FROM "users" WHERE "users"."id" = $1[0m  [["id", 1]]
  [1m[35m (0.5ms)[0m  COMMIT
  [1m[36mUser Load (0.5ms)[0m  [1mSELECT "users".* FROM "users"[0m
  [1m[36m (0.3ms)[0m  [1mBEGIN[0m
  [1m[35mUser Exists (8.7ms)[0m  SELECT 1 AS one FROM "users" WHERE LOWER("users"."email") = LOWER('bridgpal@anil.com') LIMIT 1
  [1m[36mSQL (4.4ms)[0m  [1mINSERT INTO "users" ("created_at", "email", "fish", "salt", "updated_at") VALUES ($1, $2, $3, $4, $5) RETURNING "id"[0m  [["created_at", Mon, 07 Apr 2014 03:44:34 UTC +00:00], ["email", "bridgpal@anil.com"], ["fish", "$2a$10$rCJcybWDiyTj4vPAN37ss.Rxe9HRQJ9EWYSj6VBio7jLqawS.v4C2"], ["salt", "$2a$10$rCJcybWDiyTj4vPAN37ss."], ["updated_at", Mon, 07 Apr 2014 03:44:34 UTC +00:00]]
  [1m[35m (0.6ms)[0m  COMMIT
  [1m[36mUser Load (0.8ms)[0m  [1mSELECT "users".* FROM "users" WHERE "users"."email" = 'bridgpal@anil.com' LIMIT 1[0m
  [1m[35mUser Load (0.5ms)[0m  SELECT "users".* FROM "users" WHERE "users"."email" = 'bridgpal@anil.com' LIMIT 1
  [1m[36mActiveRecord::SchemaMigration Load (0.6ms)[0m  [1mSELECT "schema_migrations".* FROM "schema_migrations"[0m
Migrating to AddExpiresAtToUsers (20140407034731)
  [1m[35m (0.3ms)[0m  BEGIN
  [1m[36m (1.0ms)[0m  [1mALTER TABLE "users" ADD COLUMN "expires_at" timestamp[0m
  [1m[35mSQL (1.1ms)[0m  INSERT INTO "schema_migrations" ("version") VALUES ($1)  [["version", "20140407034731"]]
  [1m[36m (6.7ms)[0m  [1mCOMMIT[0m
  [1m[35mActiveRecord::SchemaMigration Load (0.3ms)[0m  SELECT "schema_migrations".* FROM "schema_migrations"
  [1m[36mUser Load (0.8ms)[0m  [1mSELECT "users".* FROM "users" ORDER BY "users"."id" DESC LIMIT 1[0m
  [1m[35mUser Load (0.6ms)[0m  SELECT "users".* FROM "users" ORDER BY "users"."id" DESC LIMIT 1
  [1m[36m (0.3ms)[0m  [1mBEGIN[0m
  [1m[35mUser Exists (0.8ms)[0m  SELECT 1 AS one FROM "users" WHERE (LOWER("users"."email") = LOWER('bridgpal@anil.com') AND "users"."id" != 2) LIMIT 1
  [1m[36mSQL (3.8ms)[0m  [1mUPDATE "users" SET "code" = $1, "expires_at" = $2, "updated_at" = $3 WHERE "users"."id" = 2[0m  [["code", "mkjhHD3KNOE3Ne8_qMf-bw"], ["expires_at", Mon, 07 Apr 2014 07:48:40 UTC +00:00], ["updated_at", Mon, 07 Apr 2014 03:48:40 UTC +00:00]]
  [1m[35m (6.8ms)[0m  COMMIT
